[0m18:25:52.967484 [debug] [MainThread]: Sending event: {'category': 'dbt', 'action': 'invocation', 'label': 'start', 'context': [<snowplow_tracker.self_describing_json.SelfDescribingJson object at 0x7fde520d8be0>, <snowplow_tracker.self_describing_json.SelfDescribingJson object at 0x7fde52158040>, <snowplow_tracker.self_describing_json.SelfDescribingJson object at 0x7fde53639840>]}


============================== 18:25:52.970375 | 4f04e40a-fac9-4c79-b4e3-fde90336687a ==============================
[0m18:25:52.970375 [info ] [MainThread]: Running with dbt=1.9.4
[0m18:25:52.970990 [debug] [MainThread]: running dbt with arguments {'printer_width': '80', 'indirect_selection': 'eager', 'write_json': 'True', 'log_cache_events': 'False', 'partial_parse': 'True', 'cache_selected_only': 'False', 'warn_error': 'None', 'version_check': 'True', 'fail_fast': 'False', 'log_path': 'logs', 'debug': 'False', 'profiles_dir': '/home/meta/.dbt', 'use_colors': 'True', 'use_experimental_parser': 'False', 'empty': 'None', 'quiet': 'False', 'no_print': 'None', 'warn_error_options': 'WarnErrorOptions(include=[], exclude=[])', 'invocation_command': 'dbt init', 'static_parser': 'True', 'log_format': 'default', 'target_path': 'None', 'introspect': 'True', 'send_anonymous_usage_stats': 'True'}
[0m18:25:57.790581 [debug] [MainThread]: Starter project path: /home/meta/.local/lib/python3.10/site-packages/dbt/include/starter_project
[0m18:25:57.794776 [info ] [MainThread]: 
Your new dbt project "bookshop" was created!

For more information on how to configure the profiles.yml file,
please consult the dbt documentation here:

  https://docs.getdbt.com/docs/configure-your-profile

One more thing:

Need help? Don't hesitate to reach out to us via GitHub issues or on Slack:

  https://community.getdbt.com/

Happy modeling!

[0m18:25:57.795340 [info ] [MainThread]: Setting up your profile.
[0m18:27:26.751146 [info ] [MainThread]: Profile bookshop written to /home/meta/.dbt/profiles.yml using target's profile_template.yml and your supplied values. Run 'dbt debug' to validate the connection.
[0m18:27:26.752619 [debug] [MainThread]: Resource report: {"command_name": "init", "command_success": true, "command_wall_clock_time": 93.858536, "process_in_blocks": "9312", "process_kernel_time": 0.080141, "process_mem_max_rss": "94884", "process_out_blocks": "88", "process_user_time": 1.662933}
[0m18:27:26.753298 [debug] [MainThread]: Command `dbt init` succeeded at 18:27:26.753156 after 93.86 seconds
[0m18:27:26.753731 [debug] [MainThread]: Sending event: {'category': 'dbt', 'action': 'invocation', 'label': 'end', 'context': [<snowplow_tracker.self_describing_json.SelfDescribingJson object at 0x7fde520d8be0>, <snowplow_tracker.self_describing_json.SelfDescribingJson object at 0x7fde51253520>, <snowplow_tracker.self_describing_json.SelfDescribingJson object at 0x7fde511898a0>]}
[0m18:27:26.754184 [debug] [MainThread]: Flushing usage events
[0m18:27:27.098073 [debug] [MainThread]: An error was encountered while trying to flush usage events
